********************************************************************************
PACKAGE-LOG: 2016-05-13 15:33:02
NOTICE: Do NOT post to public sites or forums 
********************************************************************************
VERSION:	1.1.6
WORDPRESS:	4.5.2
PHP INFO:	5.6.20 | SAPI: cgi-fcgi
SERVER:		Apache/2.4.18 
PHP TIME LIMIT: (0) no time limit imposed 
PHP MAX MEMORY: 5000M (128M default) 
MEMORY STACK: 20MB 

********************************************************************************
DATABASE:
********************************************************************************
BUILD MODE:   PHP(query limit - 100)
MYSQLTIMEOUT: 5000
MYSQLDUMP:    Is Supported 
TABLES: total:35 | filtered:0 | create:35 
FILTERED: [] 
SQL CREATED: 20160513_markitmediablogwebgraphics_5735f3a8a77955407160513153256_database.sql 
SQL FILE SIZE: 4.24MB (4443510) 
SQL FILE TIME: 2016-05-13 15:33:03 
SQL RUNTIME: 0.75 sec. 

******************************************************************************** 
ARCHIVE (ZIP): 
******************************************************************************** 
ARCHIVE DIR:  /home/markitsite/public_html/blog 
ARCHIVE FILE: 20160513_markitmediablogwebgraphics_5735f3a8a77955407160513153256_archive.zip 
FILTERS: *ON* 
DIRS:  not set 
EXTS:  zip; 
---------------------------------------- 
COMPRESSING 
SIZE:	36.79MB 
STATS:	Dirs 217 | Files 2,353 
SQL ADDED: 20160513_markitmediablogwebgraphics_5735f3a8a77955407160513153256_database.sql 
ZipArchive Object
(
    [status] => 0
    [statusSys] => 0
    [numFiles] => 2570
    [filename] => /home/markitsite/public_html/blog/wp-snapshots/tmp/20160513_markitmediablogwebgraphics_5735f3a8a77955407160513153256_archive.zip
    [comment] => 
)
 
COMPRESSION RESULT: '1' 
COMPRESSED SIZE: 19.83MB 
ARCHIVE RUNTIME: 4.44 sec. 
MEMORY STACK: 21.75MB 

******************************************************************************** 
MAKE INSTALLER: 
******************************************************************************** 
Build Start 
Build Finished 
Preping for use 
Template parsed with new data 
Complete [/home/markitsite/public_html/blog/wp-snapshots/tmp/20160513_markitmediablogwebgraphics_5735f3a8a77955407160513153256_installer.php] 
Added to archive 

******************************************************************************** 
INTEGRITY CHECKS: 
******************************************************************************** 
SQL File: 4.24MB 
Installer File: 319.34KB 
Archive File: 19.83MB  

********************************************************************************
RECORD ID:[1]
TOTAL PROCESS RUNTIME: 5.38 sec.
PEAK PHP MEMORY USED: 24MB
DONE PROCESSING => 20160513_markitmediablogwebgraphics 2016-05-13 15:33:08
 
